> Task :android-app:preBuild UP-TO-DATE
> Task :android-app:preDebugBuild UP-TO-DATE
> Task :android-app:checkDebugAarMetadata
> Task :android-app:generateDebugResValues
> Task :android-app:mapDebugSourceSetPaths
> Task :android-app:generateDebugResources
> Task :android-app:packageDebugResources
> Task :android-app:createDebugCompatibleScreenManifests
> Task :android-app:extractDeepLinksDebug
> Task :android-app:mergeDebugResources
> Task :android-app:parseDebugLocalResources
> Task :android-app:processDebugMainManifest
> Task :android-app:processDebugManifest
> Task :android-app:processDebugManifestForPackage
> Task :android-app:processDebugResources

[Incubating] Problems report is available at: file:///Users/saicharan/Developer/CrossPlatform/binge-diary/build/tasks/_android-app_prepareAndroidDebug/gradle-project/build/reports/problems/problems-report.html

Deprecated Gradle features were used in this build, making it incompatible with Gradle 9.0.

You can use '--warning-mode all' to show the individual deprecation warnings and determine if they come from your own scripts or plugins.

For more on this, please refer to https://docs.gradle.org/8.14.3/userguide/command_line_interface.html#sec:command_line_warnings in the Gradle documentation.

BUILD SUCCESSFUL in 13s
13 actionable tasks: 13 executed
